0 info it worked if it ends with ok
1 verbose cli [ '/usr/local/Cellar/node/5.6.0/bin/node',
1 verbose cli   '/usr/local/bin/npm',
1 verbose cli   'publish' ]
2 info using npm@3.6.0
3 info using node@v5.6.0
4 verbose publish [ '.' ]
5 silly cache add args [ '.', null ]
6 verbose cache add spec .
7 silly cache add parsed spec Result {
7 silly cache add   raw: '.',
7 silly cache add   scope: null,
7 silly cache add   name: null,
7 silly cache add   rawSpec: '.',
7 silly cache add   spec: '/Users/taylor/Documents/project/react/react_sys',
7 silly cache add   type: 'directory' }
8 verbose addLocalDirectory /Users/taylor/.npm/gulp-wp/1.0.0/package.tgz not in flight; packing
9 verbose correctMkdir /Users/taylor/.npm correctMkdir not in flight; initializing
10 info lifecycle gulp-wp@1.0.0~prepublish: gulp-wp@1.0.0
11 silly lifecycle gulp-wp@1.0.0~prepublish: no script for prepublish, continuing
12 verbose tar pack [ '/Users/taylor/.npm/gulp-wp/1.0.0/package.tgz',
12 verbose tar pack   '/Users/taylor/Documents/project/react/react_sys' ]
13 verbose tarball /Users/taylor/.npm/gulp-wp/1.0.0/package.tgz
14 verbose folder /Users/taylor/Documents/project/react/react_sys
15 verbose addLocalTarball adding from inside cache /Users/taylor/.npm/gulp-wp/1.0.0/package.tgz
16 verbose correctMkdir /Users/taylor/.npm correctMkdir not in flight; initializing
17 silly cache afterAdd gulp-wp@1.0.0
18 verbose afterAdd /Users/taylor/.npm/gulp-wp/1.0.0/package/package.json not in flight; writing
19 verbose correctMkdir /Users/taylor/.npm correctMkdir not in flight; initializing
20 verbose afterAdd /Users/taylor/.npm/gulp-wp/1.0.0/package/package.json written
21 silly publish { name: 'gulp-wp',
21 silly publish   version: '1.0.0',
21 silly publish   description: '',
21 silly publish   main: 'gulpfile.js',
21 silly publish   scripts: { start: 'node dev.js', publish: 'node prod.js' },
21 silly publish   repository: { type: '', url: '' },
21 silly publish   keywords: [],
21 silly publish   author: { name: 'yvan' },
21 silly publish   license: 'ISC',
21 silly publish   dependencies:
21 silly publish    { 'babel-preset-es2015': '^6.6.0',
21 silly publish      'babel-preset-react': '^6.5.0',
21 silly publish      'react-highcharts': '^8.3.3',
21 silly publish      'react-tap-event-plugin': '^1.0.0',
21 silly publish      'redux-thunk': '^2.1.0' },
21 silly publish   devDependencies:
21 silly publish    { babel: '^6.5.2',
21 silly publish      'babel-core': '^6.8.0',
21 silly publish      'babel-loader': '^6.2.4',
21 silly publish      'babel-plugin-react-transform': '^2.0.2',
21 silly publish      'babel-plugin-transform-decorators-legacy': '^1.3.4',
21 silly publish      'babel-preset-es2015': '^6.9.0',
21 silly publish      'babel-preset-react': '^6.5.0',
21 silly publish      'babel-preset-stage-0': '^6.5.0',
21 silly publish      'babel-register': '^6.7.2',
21 silly publish      'browser-sync': '^2.10.0',
21 silly publish      'copy-webpack-plugin': '^3.0.1',
21 silly publish      'css-loader': '^0.23.1',
21 silly publish      del: '^2.2.0',
21 silly publish      'flex-layout': '^1.0.1',
21 silly publish      install: '^0.8.1',
21 silly publish      'jsx-loader': '^0.13.2',
21 silly publish      lodash: '^4.13.1',
21 silly publish      'material-ui': '^0.15.0',
21 silly publish      moment: '^2.13.0',
21 silly publish      'node-sass': '^3.7.0',
21 silly publish      npm: '^3.9.5',
21 silly publish      'progress-bar-webpack-plugin': '^1.8.0',
21 silly publish      react: '^15.1.0',
21 silly publish      'react-data-components': '^0.6.0',
21 silly publish      'react-dom': '^15.1.0',
21 silly publish      'react-hot-loader': '^1.3.0',
21 silly publish      'react-redux': '^4.4.5',
21 silly publish      'react-router': '^2.4.1',
21 silly publish      'react-router-redux': '^4.0.4',
21 silly publish      'react-tools': '^0.13.3',
21 silly publish      'react-transform': '0.0.3',
21 silly publish      'react-transform-catch-errors': '^1.0.2',
21 silly publish      'react-transform-hmr': '^1.0.4',
21 silly publish      reactable: '^0.13.2',
21 silly publish      'redbox-react': '^1.2.6',
21 silly publish      redux: '^3.5.2',
21 silly publish      'sass-loader': '^3.2.0',
21 silly publish      'style-loader': '^0.13.1',
21 silly publish      webpack: '^1.13.0',
21 silly publish      'webpack-dev-server': '^1.14.1',
21 silly publish      'webpack-merge': '^0.14.0' },
21 silly publish   gitHead: '68884583f9a7bc22fffa3e35fdd7dd4f53e25610',
21 silly publish   readme: 'ERROR: No README data found!',
21 silly publish   _id: 'gulp-wp@1.0.0',
21 silly publish   _shasum: 'bd4102795b85e86f46bb83334b0132680048a607',
21 silly publish   _from: '.' }
22 verbose getPublishConfig undefined
23 silly mapToRegistry name gulp-wp
24 silly mapToRegistry using default registry
25 silly mapToRegistry registry https://registry.npmjs.org/
26 silly mapToRegistry uri https://registry.npmjs.org/gulp-wp
27 verbose publish registryBase https://registry.npmjs.org/
28 silly publish uploading /Users/taylor/.npm/gulp-wp/1.0.0/package.tgz
29 verbose stack Error: auth required for publishing
29 verbose stack     at CachingRegistryClient.publish (/usr/local/lib/node_modules/npm/node_modules/npm-registry-client/lib/publish.js:30:14)
29 verbose stack     at /usr/local/lib/node_modules/npm/lib/publish.js:137:14
29 verbose stack     at mapToRegistry (/usr/local/lib/node_modules/npm/lib/utils/map-to-registry.js:55:3)
29 verbose stack     at publish_ (/usr/local/lib/node_modules/npm/lib/publish.js:106:3)
29 verbose stack     at Array.<anonymous> (/usr/local/lib/node_modules/npm/node_modules/slide/lib/bind-actor.js:15:8)
29 verbose stack     at LOOP (/usr/local/lib/node_modules/npm/node_modules/slide/lib/chain.js:15:14)
29 verbose stack     at LOOP (/usr/local/lib/node_modules/npm/node_modules/slide/lib/chain.js:14:28)
29 verbose stack     at chain (/usr/local/lib/node_modules/npm/node_modules/slide/lib/chain.js:20:5)
29 verbose stack     at /usr/local/lib/node_modules/npm/lib/publish.js:72:5
29 verbose stack     at RES (/usr/local/lib/node_modules/npm/node_modules/inflight/inflight.js:23:14)
30 verbose cwd /Users/taylor/Documents/project/react/react_sys
31 error Darwin 14.4.0
32 error argv "/usr/local/Cellar/node/5.6.0/bin/node" "/usr/local/bin/npm" "publish"
33 error node v5.6.0
34 error npm  v3.6.0
35 error code ENEEDAUTH
36 error need auth auth required for publishing
37 error need auth You need to authorize this machine using `npm adduser`
38 verbose exit [ 1, true ]
